INFO  2018-05-07 22:45:53,192 (Saros.java:220) Starting Saros 14.10.31 running:
  Java Version: 1.8.0_101
  Java Vendor: Oracle Corporation
  Eclipse Runtime Version: 3.11.1.v20150903-1804
  Operating System: Windows 10 (10.0)
  Hardware Architecture: x86
INFO  2018-05-07 22:45:53,223 (SarosContext.java:153) creating Saros runtime context...
DEBUG 2018-05-07 22:45:53,272 (XMPPAccountStore.java:117) loading accounts from file: C:\Users\smurf\.saros\config.dat
DEBUG 2018-05-07 22:45:53,701 (XMPPAccountStore.java:176) loaded 2 account(s)
INFO  2018-05-07 22:45:53,936 (SarosContext.java:199) successfully created Saros runtime context
DEBUG 2018-05-07 22:45:53,954 (DataTransferManager.java:467) used transport order for the current XMPP connection: [XMPP-Socks5-Transport, XMPP-IBB-Transport]
INFO  2018-05-07 22:45:53,974 (PreferenceInitializer.java:50) initializing preference default values
DEBUG 2018-05-07 22:45:54,102 (SarosAnnotation.java:117) resetting annotation colors
DEBUG 2018-05-07 22:45:54,154 (Saros.java:264) autogenerated favorite color id is: 2
DEBUG 2018-05-07 22:45:54,156 (Saros.java:430) skipping conversion of old XMPP accounts, because there are already new ones
DEBUG 2018-05-07 22:46:01,822 (WhiteboardManager.java:194) WhiteboardManager instantiated
DEBUG 2018-05-07 22:46:01,836 (DocumentRecord.java:93) Added Node: attr(152572596183582668) name=svg
DEBUG 2018-05-07 22:46:01,878 (XMPPConnectionService.java:439) started Socks5 proxy on port: 7777 [listening on all interfaces]
DEBUG 2018-05-07 22:46:02,377 (XMPPConnectionService.java:459) using autodetected addresses: [25.46.160.179, 192.168.0.31, 192.168.56.1, fe80:0:0:0:95c9:b863:31b5:590%eth1, 2a02:8070:7c1:3c00:fde1:8ac0:7e0e:e6c6, 2a02:8070:7c1:3c00:a5cf:e659:fbf0:3, fe80:0:0:0:fde1:8ac0:7e0e:e6c6%eth2, 2620:9b:0:0:0:0:192e:a0b3, fe80:0:0:0:ecf7:ce32:9add:8485%eth6]
DEBUG 2018-05-07 22:46:02,381 (XMPPConnectionService.java:398)  new connection state == CONNECTING
ERROR 2018-05-07 22:46:02,536 (StunServiceImpl.java:263) error sending STUN request
java.net.SocketException: Network is unreachable: Datagram send failed
	at java.net.DualStackPlainDatagramSocketImpl.socketSend(Native Method)
	at java.net.DualStackPlainDatagramSocketImpl.send(Unknown Source)
	at java.net.DatagramSocket.send(Unknown Source)
	at de.fu_berlin.inf.dpp.net.stun.internal.StunServiceImpl$StunDiscovery$1.run(StunServiceImpl.java:255)
	at java.lang.Thread.run(Unknown Source)
DEBUG 2018-05-07 22:46:03,320 (XMPPConnectionService.java:398) ilijaz@saros-con.imp.fu-berlin.de/Saros new connection state == CONNECTED
DEBUG 2018-05-07 22:46:03,320 (DataTransferManager.java:467) used transport order for the current XMPP connection: [XMPP-Socks5-Transport, XMPP-IBB-Transport]
DEBUG 2018-05-07 22:46:03,321 (SkypeManager.java:289) Refreshing Skype username cache...
ERROR 2018-05-07 22:46:06,195 (StunServiceImpl.java:155) an error occurred while performing a STUN discovery: ICMP Port Unreachable
java.net.PortUnreachableException: ICMP Port Unreachable
	at java.net.DualStackPlainDatagramSocketImpl.socketReceiveOrPeekData(Native Method)
	at java.net.DualStackPlainDatagramSocketImpl.receive0(Unknown Source)
	at java.net.AbstractPlainDatagramSocketImpl.receive(Unknown Source)
	at java.net.DatagramSocket.receive(Unknown Source)
	at de.fu_berlin.inf.dpp.net.stun.internal.StunServiceImpl$StunDiscovery.performStunDiscovery(StunServiceImpl.java:284)
	at de.fu_berlin.inf.dpp.net.stun.internal.StunServiceImpl$StunDiscovery.run(StunServiceImpl.java:151)
	at java.lang.Thread.run(Unknown Source)
WARN  2018-05-07 22:46:12,536 (StunServiceImpl.java:420) received no response from STUN server stunserver.org/67.227.226.240:3478 at local address /192.168.56.1:0
WARN  2018-05-07 22:46:12,536 (StunServiceImpl.java:420) received no response from STUN server stunserver.org/67.227.226.240:3478 at local address /25.46.160.179:0
DEBUG 2018-05-07 22:46:22,346 (XMPPConnectionService.java:398) ilijaz@saros-con.imp.fu-berlin.de/Saros new connection state == DISCONNECTING
DEBUG 2018-05-07 22:46:22,499 (XMPPConnectionService.java:398)  new connection state == NOT_CONNECTED
DEBUG 2018-05-07 22:46:22,500 (UPnPServiceImpl.java:295) deleting existing port mappings
