INFO  2018-02-08 21:08:44,848 (Saros.java:220) Starting Saros 14.10.31 running:
  Java Version: 1.8.0_101
  Java Vendor: Oracle Corporation
  Eclipse Runtime Version: 3.11.1.v20150903-1804
  Operating System: Windows 10 (10.0)
  Hardware Architecture: x86
INFO  2018-02-08 21:08:44,867 (SarosContext.java:153) creating Saros runtime context...
DEBUG 2018-02-08 21:08:44,899 (XMPPAccountStore.java:117) loading accounts from file: C:\Users\smurf\.saros\config.dat
DEBUG 2018-02-08 21:08:45,164 (XMPPAccountStore.java:176) loaded 2 account(s)
INFO  2018-02-08 21:08:45,296 (SarosContext.java:199) successfully created Saros runtime context
DEBUG 2018-02-08 21:08:45,311 (DataTransferManager.java:467) used transport order for the current XMPP connection: [XMPP-Socks5-Transport, XMPP-IBB-Transport]
INFO  2018-02-08 21:08:45,398 (PreferenceInitializer.java:50) initializing preference default values
DEBUG 2018-02-08 21:08:45,440 (SarosAnnotation.java:117) resetting annotation colors
DEBUG 2018-02-08 21:08:45,491 (Saros.java:430) skipping conversion of old XMPP accounts, because there are already new ones
DEBUG 2018-02-08 21:08:50,447 (SharedDocumentProvider.java:77) SharedDocumentProvider created by Eclipse
DEBUG 2018-02-08 21:08:57,013 (WhiteboardManager.java:194) WhiteboardManager instantiated
DEBUG 2018-02-08 21:08:57,028 (DocumentRecord.java:93) Added Node: attr(151812053702626122) name=svg
DEBUG 2018-02-08 21:08:57,104 (XMPPConnectionService.java:439) started Socks5 proxy on port: 7777 [listening on all interfaces]
DEBUG 2018-02-08 21:08:57,236 (XMPPConnectionService.java:459) using autodetected addresses: [25.46.160.179, 192.168.0.30, 192.168.56.1, fe80:0:0:0:d4b4:e6e8:1571:55ec%eth2, 2001:0:9d38:78cf:3418:40d:3f57:ffe1, fe80:0:0:0:3418:40d:3f57:ffe1%net2, 2a02:8070:79d:c200:0:0:0:3, 2a02:8070:79d:c200:fde1:8ac0:7e0e:e6c6, 2a02:8070:79d:c200:9065:b0f1:2486:9b85, fe80:0:0:0:fde1:8ac0:7e0e:e6c6%eth3, 2620:9b:0:0:0:0:192e:a0b3, fe80:0:0:0:ecf7:ce32:9add:8485%eth7]
DEBUG 2018-02-08 21:08:57,242 (XMPPConnectionService.java:398)  new connection state == CONNECTING
ERROR 2018-02-08 21:08:57,407 (StunServiceImpl.java:263) error sending STUN request
java.net.SocketException: Network is unreachable: Datagram send failed
	at java.net.DualStackPlainDatagramSocketImpl.socketSend(Native Method)
	at java.net.DualStackPlainDatagramSocketImpl.send(Unknown Source)
	at java.net.DatagramSocket.send(Unknown Source)
	at de.fu_berlin.inf.dpp.net.stun.internal.StunServiceImpl$StunDiscovery$1.run(StunServiceImpl.java:255)
	at java.lang.Thread.run(Unknown Source)
DEBUG 2018-02-08 21:08:58,183 (XMPPConnectionService.java:398) ilijaz@saros-con.imp.fu-berlin.de/Saros new connection state == CONNECTED
DEBUG 2018-02-08 21:08:58,183 (DataTransferManager.java:467) used transport order for the current XMPP connection: [XMPP-Socks5-Transport, XMPP-IBB-Transport]
DEBUG 2018-02-08 21:08:58,184 (SkypeManager.java:289) Refreshing Skype username cache...
DEBUG 2018-02-08 21:09:03,355 (XMPPConnectionService.java:398) ilijaz@saros-con.imp.fu-berlin.de/Saros new connection state == DISCONNECTING
DEBUG 2018-02-08 21:09:03,508 (XMPPConnectionService.java:398)  new connection state == NOT_CONNECTED
DEBUG 2018-02-08 21:09:03,509 (UPnPServiceImpl.java:295) deleting existing port mappings
