2018-01-20 20:00:43,216 [Worker-22] INFO  c.g.t.t.d.PublishedGradleVersions - Gradle version information cache file is not out-of-date. No remote download required.
2018-01-21 17:32:06,481 [main] INFO  c.g.t.t.d.PublishedGradleVersions - Gradle version information cache file is not out-of-date. No remote download required.
2018-02-06 16:26:45,029 [main] INFO  c.g.t.t.d.PublishedGradleVersions - Gradle version information cache file is not out-of-date. No remote download required.
2018-02-06 17:19:16,124 [main] INFO  c.g.t.t.d.PublishedGradleVersions - Gradle version information cache file is not out-of-date. No remote download required.
2018-02-06 18:08:18,794 [main] INFO  o.e.r.s.GitSnippetRepository - Failed to parse query
org.apache.lucene.queryParser.ParseException: Cannot parse ']': Lexical error at line 1, column 2.  Encountered: <EOF> after : ""
	at org.apache.lucene.queryParser.QueryParser.parse(QueryParser.java:216) ~[org.apache.lucene.core_3.5.0.v20120725-1805.jar:3.5.0 1204988 - simon - 2011-11-22 14:46:51]
	at org.eclipse.recommenders.snipmatch.FileSnippetRepository.searchSnippetFiles(FileSnippetRepository.java:347) [org.eclipse.recommenders.snipmatch_2.3.0.v20160216-1255.jar:na]
	at org.eclipse.recommenders.snipmatch.FileSnippetRepository.doSearch(FileSnippetRepository.java:324) [org.eclipse.recommenders.snipmatch_2.3.0.v20160216-1255.jar:na]
	at org.eclipse.recommenders.snipmatch.FileSnippetRepository.search(FileSnippetRepository.java:306) [org.eclipse.recommenders.snipmatch_2.3.0.v20160216-1255.jar:na]
	at org.eclipse.recommenders.internal.snipmatch.rcp.EclipseGitSnippetRepository.search(EclipseGitSnippetRepository.java:284) [org.eclipse.recommenders.snipmatch.rcp_2.3.0.v20160216-1255.jar:na]
	at org.eclipse.recommenders.internal.snipmatch.rcp.completion.AbstractContentAssistProcessor.computeCompletionProposals(AbstractContentAssistProcessor.java:154) [org.eclipse.recommenders.snipmatch.rcp_2.3.0.v20160216-1255.jar:na]
	at org.eclipse.jface.text.contentassist.ContentAssistant$5.run(ContentAssistant.java:1904) [org.eclipse.jface.text_3.10.0.v20150603-1752.jar:na]
	at org.eclipse.core.runtime.SafeRunner.run(SafeRunner.java:42) [org.eclipse.equinox.common_3.7.0.v20150402-1709.jar:na]
	at org.eclipse.jface.text.contentassist.ContentAssistant.computeCompletionProposals(ContentAssistant.java:1902) [org.eclipse.jface.text_3.10.0.v20150603-1752.jar:na]
	at org.eclipse.jface.text.contentassist.CompletionProposalPopup.computeProposals(CompletionProposalPopup.java:573) [org.eclipse.jface.text_3.10.0.v20150603-1752.jar:na]
	at org.eclipse.jface.text.contentassist.CompletionProposalPopup.access$16(CompletionProposalPopup.java:570) [org.eclipse.jface.text_3.10.0.v20150603-1752.jar:na]
	at org.eclipse.jface.text.contentassist.CompletionProposalPopup$14.run(CompletionProposalPopup.java:1610) [org.eclipse.jface.text_3.10.0.v20150603-1752.jar:na]
	at org.eclipse.swt.custom.BusyIndicator.showWhile(BusyIndicator.java:70) [org.eclipse.swt.win32.win32.x86_3.104.2.v20160212-1350.jar:na]
	at org.eclipse.jface.text.contentassist.CompletionProposalPopup.incrementalComplete(CompletionProposalPopup.java:1604) [org.eclipse.jface.text_3.10.0.v20150603-1752.jar:na]
	at org.eclipse.jface.text.contentassist.ContentAssistant.showPossibleCompletions(ContentAssistant.java:1719) [org.eclipse.jface.text_3.10.0.v20150603-1752.jar:na]
	at org.eclipse.recommenders.internal.snipmatch.rcp.completion.SnipmatchCompletionEngine$6.modifyText(SnipmatchCompletionEngine.java:252) [org.eclipse.recommenders.snipmatch.rcp_2.3.0.v20160216-1255.jar:na]
	at org.eclipse.swt.widgets.TypedListener.handleEvent(TypedListener.java:179) [org.eclipse.swt.win32.win32.x86_3.104.2.v20160212-1350.jar:na]
	at org.eclipse.swt.widgets.EventTable.sendEvent(EventTable.java:84) [org.eclipse.swt.win32.win32.x86_3.104.2.v20160212-1350.jar:na]
	at org.eclipse.swt.widgets.Display.sendEvent(Display.java:4362) [org.eclipse.swt.win32.win32.x86_3.104.2.v20160212-1350.jar:na]
	at org.eclipse.swt.widgets.Widget.sendEvent(Widget.java:1113) [org.eclipse.swt.win32.win32.x86_3.104.2.v20160212-1350.jar:na]
	at org.eclipse.swt.widgets.Widget.sendEvent(Widget.java:1137) [org.eclipse.swt.win32.win32.x86_3.104.2.v20160212-1350.jar:na]
	at org.eclipse.swt.widgets.Widget.sendEvent(Widget.java:1122) [org.eclipse.swt.win32.win32.x86_3.104.2.v20160212-1350.jar:na]
	at org.eclipse.swt.widgets.Widget.notifyListeners(Widget.java:788) [org.eclipse.swt.win32.win32.x86_3.104.2.v20160212-1350.jar:na]
	at org.eclipse.swt.custom.StyledText.modifyContent(StyledText.java:7316) [org.eclipse.swt.win32.win32.x86_3.104.2.v20160212-1350.jar:na]
	at org.eclipse.swt.custom.StyledText.sendKeyEvent(StyledText.java:8159) [org.eclipse.swt.win32.win32.x86_3.104.2.v20160212-1350.jar:na]
	at org.eclipse.swt.custom.StyledText.doContent(StyledText.java:2502) [org.eclipse.swt.win32.win32.x86_3.104.2.v20160212-1350.jar:na]
	at org.eclipse.swt.custom.StyledText.handleKey(StyledText.java:5967) [org.eclipse.swt.win32.win32.x86_3.104.2.v20160212-1350.jar:na]
	at org.eclipse.swt.custom.StyledText.handleKeyDown(StyledText.java:5998) [org.eclipse.swt.win32.win32.x86_3.104.2.v20160212-1350.jar:na]
	at org.eclipse.swt.custom.StyledText$7.handleEvent(StyledText.java:5685) [org.eclipse.swt.win32.win32.x86_3.104.2.v20160212-1350.jar:na]
	at org.eclipse.swt.widgets.EventTable.sendEvent(EventTable.java:84) [org.eclipse.swt.win32.win32.x86_3.104.2.v20160212-1350.jar:na]
	at org.eclipse.swt.widgets.Display.sendEvent(Display.java:4362) [org.eclipse.swt.win32.win32.x86_3.104.2.v20160212-1350.jar:na]
	at org.eclipse.swt.widgets.Widget.sendEvent(Widget.java:1113) [org.eclipse.swt.win32.win32.x86_3.104.2.v20160212-1350.jar:na]
	at org.eclipse.swt.widgets.Widget.sendEvent(Widget.java:1137) [org.eclipse.swt.win32.win32.x86_3.104.2.v20160212-1350.jar:na]
	at org.eclipse.swt.widgets.Widget.sendEvent(Widget.java:1122) [org.eclipse.swt.win32.win32.x86_3.104.2.v20160212-1350.jar:na]
	at org.eclipse.swt.widgets.Widget.sendKeyEvent(Widget.java:1164) [org.eclipse.swt.win32.win32.x86_3.104.2.v20160212-1350.jar:na]
	at org.eclipse.swt.widgets.Widget.sendKeyEvent(Widget.java:1160) [org.eclipse.swt.win32.win32.x86_3.104.2.v20160212-1350.jar:na]
	at org.eclipse.swt.widgets.Widget.wmChar(Widget.java:1581) [org.eclipse.swt.win32.win32.x86_3.104.2.v20160212-1350.jar:na]
	at org.eclipse.swt.widgets.Control.WM_CHAR(Control.java:4795) [org.eclipse.swt.win32.win32.x86_3.104.2.v20160212-1350.jar:na]
	at org.eclipse.swt.widgets.Canvas.WM_CHAR(Canvas.java:343) [org.eclipse.swt.win32.win32.x86_3.104.2.v20160212-1350.jar:na]
	at org.eclipse.swt.widgets.Control.windowProc(Control.java:4676) [org.eclipse.swt.win32.win32.x86_3.104.2.v20160212-1350.jar:na]
	at org.eclipse.swt.widgets.Canvas.windowProc(Canvas.java:339) [org.eclipse.swt.win32.win32.x86_3.104.2.v20160212-1350.jar:na]
	at org.eclipse.swt.widgets.Display.windowProc(Display.java:5050) [org.eclipse.swt.win32.win32.x86_3.104.2.v20160212-1350.jar:na]
	at org.eclipse.swt.internal.win32.OS.CallWindowProcW(Native Method) [org.eclipse.swt.win32.win32.x86_3.104.2.v20160212-1350.jar:na]
	at org.eclipse.swt.internal.win32.OS.CallWindowProc(OS.java:2443) [org.eclipse.swt.win32.win32.x86_3.104.2.v20160212-1350.jar:na]
	at org.eclipse.swt.internal.BidiUtil.windowProc(BidiUtil.java:640) [org.eclipse.swt.win32.win32.x86_3.104.2.v20160212-1350.jar:na]
	at org.eclipse.swt.internal.win32.OS.DispatchMessageW(Native Method) [org.eclipse.swt.win32.win32.x86_3.104.2.v20160212-1350.jar:na]
	at org.eclipse.swt.internal.win32.OS.DispatchMessage(OS.java:2549) [org.eclipse.swt.win32.win32.x86_3.104.2.v20160212-1350.jar:na]
	at org.eclipse.swt.widgets.Display.readAndDispatch(Display.java:3767) [org.eclipse.swt.win32.win32.x86_3.104.2.v20160212-1350.jar:na]
	at org.eclipse.e4.ui.internal.workbench.swt.PartRenderingEngine$4.run(PartRenderingEngine.java:1127) [org.eclipse.e4.ui.workbench.swt_0.13.0.v20150504-0621.jar:na]
	at org.eclipse.core.databinding.observable.Realm.runWithDefault(Realm.java:337) [org.eclipse.core.databinding.observable_1.5.0.v20150422-0725.jar:na]
	at org.eclipse.e4.ui.internal.workbench.swt.PartRenderingEngine.run(PartRenderingEngine.java:1018) [org.eclipse.e4.ui.workbench.swt_0.13.0.v20150504-0621.jar:na]
	at org.eclipse.e4.ui.internal.workbench.E4Workbench.createAndRunUI(E4Workbench.java:156) [org.eclipse.e4.ui.workbench_1.3.1.v20160203-0951.jar:na]
	at org.eclipse.ui.internal.Workbench$5.run(Workbench.java:694) [org.eclipse.ui.workbench_3.107.1.v20160120-2131.jar:na]
	at org.eclipse.core.databinding.observable.Realm.runWithDefault(Realm.java:337) [org.eclipse.core.databinding.observable_1.5.0.v20150422-0725.jar:na]
	at org.eclipse.ui.internal.Workbench.createAndRunWorkbench(Workbench.java:606) [org.eclipse.ui.workbench_3.107.1.v20160120-2131.jar:na]
	at org.eclipse.ui.PlatformUI.createAndRunWorkbench(PlatformUI.java:150) [org.eclipse.ui.workbench_3.107.1.v20160120-2131.jar:na]
	at org.eclipse.ui.internal.ide.application.IDEApplication.start(IDEApplication.java:139) [org.eclipse.ui.ide.application_1.1.0.v20150422-0725.jar:na]
	at org.eclipse.equinox.internal.app.EclipseAppHandle.run(EclipseAppHandle.java:196) [org.eclipse.equinox.app_1.3.300.v20150423-1356.jar:na]
	at org.eclipse.core.runtime.internal.adaptor.EclipseAppLauncher.runApplication(EclipseAppLauncher.java:134) [org.eclipse.osgi_3.10.102.v20160118-1700.jar:na]
	at org.eclipse.core.runtime.internal.adaptor.EclipseAppLauncher.start(EclipseAppLauncher.java:104) [org.eclipse.osgi_3.10.102.v20160118-1700.jar:na]
	at org.eclipse.core.runtime.adaptor.EclipseStarter.run(EclipseStarter.java:380) [org.eclipse.osgi_3.10.102.v20160118-1700.jar:na]
	at org.eclipse.core.runtime.adaptor.EclipseStarter.run(EclipseStarter.java:235) [org.eclipse.osgi_3.10.102.v20160118-1700.jar:na]
	at sun.reflect.NativeMethodAccessorImpl.invoke0(Native Method) ~[na:1.8.0_101]
	at sun.reflect.NativeMethodAccessorImpl.invoke(Unknown Source) ~[na:1.8.0_101]
	at sun.reflect.DelegatingMethodAccessorImpl.invoke(Unknown Source) ~[na:1.8.0_101]
	at java.lang.reflect.Method.invoke(Unknown Source) ~[na:1.8.0_101]
	at org.eclipse.equinox.launcher.Main.invokeFramework(Main.java:669) [org.eclipse.equinox.launcher_1.3.100.v20150511-1540.jar:na]
	at org.eclipse.equinox.launcher.Main.basicRun(Main.java:608) [org.eclipse.equinox.launcher_1.3.100.v20150511-1540.jar:na]
	at org.eclipse.equinox.launcher.Main.run(Main.java:1515) [org.eclipse.equinox.launcher_1.3.100.v20150511-1540.jar:na]
Caused by: org.apache.lucene.queryParser.TokenMgrError: Lexical error at line 1, column 2.  Encountered: <EOF> after : ""
	at org.apache.lucene.queryParser.QueryParserTokenManager.getNextToken(QueryParserTokenManager.java:1229) ~[org.apache.lucene.core_3.5.0.v20120725-1805.jar:3.5.0 1204988 - simon - 2011-11-22 14:46:51]
	at org.apache.lucene.queryParser.QueryParser.jj_ntk(QueryParser.java:1748) ~[org.apache.lucene.core_3.5.0.v20120725-1805.jar:3.5.0 1204988 - simon - 2011-11-22 14:46:51]
	at org.apache.lucene.queryParser.QueryParser.Modifiers(QueryParser.java:1192) ~[org.apache.lucene.core_3.5.0.v20120725-1805.jar:3.5.0 1204988 - simon - 2011-11-22 14:46:51]
	at org.apache.lucene.queryParser.QueryParser.Query(QueryParser.java:1236) ~[org.apache.lucene.core_3.5.0.v20120725-1805.jar:3.5.0 1204988 - simon - 2011-11-22 14:46:51]
	at org.apache.lucene.queryParser.QueryParser.TopLevelQuery(QueryParser.java:1226) ~[org.apache.lucene.core_3.5.0.v20120725-1805.jar:3.5.0 1204988 - simon - 2011-11-22 14:46:51]
	at org.apache.lucene.queryParser.QueryParser.parse(QueryParser.java:206) ~[org.apache.lucene.core_3.5.0.v20120725-1805.jar:3.5.0 1204988 - simon - 2011-11-22 14:46:51]
	... 68 common frames omitted
2018-02-06 18:20:49,916 [main] INFO  c.g.t.t.d.PublishedGradleVersions - Gradle version information cache file is not out-of-date. No remote download required.
2018-02-08 18:43:04,371 [main] INFO  c.g.t.t.d.PublishedGradleVersions - Gradle version information cache file is out-of-date. Remote download required.
2018-02-08 21:08:56,680 [main] INFO  c.g.t.t.d.PublishedGradleVersions - Gradle version information cache file is not out-of-date. No remote download required.
2018-05-07 22:46:31,698 [main] INFO  c.g.t.t.d.PublishedGradleVersions - Gradle version information cache file is not out-of-date. No remote download required.
2018-05-08 15:11:51,971 [main] INFO  c.g.t.t.d.PublishedGradleVersions - Gradle version information cache file is not out-of-date. No remote download required.
2018-07-17 20:12:49,943 [main] INFO  c.g.t.t.d.PublishedGradleVersions - Gradle version information cache file is not out-of-date. No remote download required.
2018-07-17 20:14:34,030 [main] INFO  c.g.t.t.d.PublishedGradleVersions - Gradle version information cache file is not out-of-date. No remote download required.
2018-07-17 20:20:42,975 [main] INFO  c.g.t.t.d.PublishedGradleVersions - Gradle version information cache file is not out-of-date. No remote download required.
2018-07-18 20:34:14,929 [main] INFO  c.g.t.t.d.PublishedGradleVersions - Gradle version information cache file is out-of-date. Remote download required.
2018-07-18 22:03:16,737 [main] INFO  c.g.t.t.d.PublishedGradleVersions - Gradle version information cache file is not out-of-date. No remote download required.
2018-07-19 14:38:15,285 [main] INFO  c.g.t.t.d.PublishedGradleVersions - Gradle version information cache file is not out-of-date. No remote download required.
2018-07-19 20:54:11,826 [main] INFO  c.g.t.t.d.PublishedGradleVersions - Gradle version information cache file is out-of-date. Remote download required.
