INFO  2018-05-08 15:11:41,128 (Saros.java:220) Starting Saros 14.10.31 running:
  Java Version: 1.8.0_101
  Java Vendor: Oracle Corporation
  Eclipse Runtime Version: 3.11.1.v20150903-1804
  Operating System: Windows 10 (10.0)
  Hardware Architecture: x86
INFO  2018-05-08 15:11:41,160 (SarosContext.java:153) creating Saros runtime context...
DEBUG 2018-05-08 15:11:41,200 (XMPPAccountStore.java:117) loading accounts from file: C:\Users\smurf\.saros\config.dat
DEBUG 2018-05-08 15:11:41,480 (XMPPAccountStore.java:176) loaded 2 account(s)
INFO  2018-05-08 15:11:41,608 (SarosContext.java:199) successfully created Saros runtime context
DEBUG 2018-05-08 15:11:41,624 (DataTransferManager.java:467) used transport order for the current XMPP connection: [XMPP-Socks5-Transport, XMPP-IBB-Transport]
INFO  2018-05-08 15:11:41,711 (PreferenceInitializer.java:50) initializing preference default values
DEBUG 2018-05-08 15:11:41,763 (SarosAnnotation.java:117) resetting annotation colors
DEBUG 2018-05-08 15:11:41,820 (Saros.java:430) skipping conversion of old XMPP accounts, because there are already new ones
DEBUG 2018-05-08 15:11:47,216 (SharedDocumentProvider.java:77) SharedDocumentProvider created by Eclipse
DEBUG 2018-05-08 15:11:52,553 (WhiteboardManager.java:194) WhiteboardManager instantiated
DEBUG 2018-05-08 15:11:52,571 (DocumentRecord.java:93) Added Node: attr(152578511256846541) name=svg
DEBUG 2018-05-08 15:11:52,826 (XMPPConnectionService.java:439) started Socks5 proxy on port: 7777 [listening on all interfaces]
DEBUG 2018-05-08 15:11:52,963 (XMPPConnectionService.java:459) using autodetected addresses: [25.46.160.179, 192.168.0.31, 192.168.56.1, fe80:0:0:0:95c9:b863:31b5:590%eth1, 2a02:8070:7c1:3c00:fde1:8ac0:7e0e:e6c6, 2a02:8070:7c1:3c00:f875:101d:4dde:4733, fe80:0:0:0:fde1:8ac0:7e0e:e6c6%eth2, 2001:0:9d38:78cf:1857:3543:3f57:ffe0, fe80:0:0:0:1857:3543:3f57:ffe0%net4, 2620:9b:0:0:0:0:192e:a0b3, fe80:0:0:0:ecf7:ce32:9add:8485%eth6]
DEBUG 2018-05-08 15:11:52,970 (XMPPConnectionService.java:398)  new connection state == CONNECTING
ERROR 2018-05-08 15:11:53,140 (StunServiceImpl.java:263) error sending STUN request
java.net.SocketException: Network is unreachable: Datagram send failed
	at java.net.DualStackPlainDatagramSocketImpl.socketSend(Native Method)
	at java.net.DualStackPlainDatagramSocketImpl.send(Unknown Source)
	at java.net.DatagramSocket.send(Unknown Source)
	at de.fu_berlin.inf.dpp.net.stun.internal.StunServiceImpl$StunDiscovery$1.run(StunServiceImpl.java:255)
	at java.lang.Thread.run(Unknown Source)
ERROR 2018-05-08 15:11:53,283 (StunServiceImpl.java:155) an error occurred while performing a STUN discovery: ICMP Port Unreachable
java.net.PortUnreachableException: ICMP Port Unreachable
	at java.net.DualStackPlainDatagramSocketImpl.socketReceiveOrPeekData(Native Method)
	at java.net.DualStackPlainDatagramSocketImpl.receive0(Unknown Source)
	at java.net.AbstractPlainDatagramSocketImpl.receive(Unknown Source)
	at java.net.DatagramSocket.receive(Unknown Source)
	at de.fu_berlin.inf.dpp.net.stun.internal.StunServiceImpl$StunDiscovery.performStunDiscovery(StunServiceImpl.java:284)
	at de.fu_berlin.inf.dpp.net.stun.internal.StunServiceImpl$StunDiscovery.run(StunServiceImpl.java:151)
	at java.lang.Thread.run(Unknown Source)
DEBUG 2018-05-08 15:11:53,956 (XMPPConnectionService.java:398) ilijaz@saros-con.imp.fu-berlin.de/Saros new connection state == CONNECTED
DEBUG 2018-05-08 15:11:53,957 (DataTransferManager.java:467) used transport order for the current XMPP connection: [XMPP-Socks5-Transport, XMPP-IBB-Transport]
DEBUG 2018-05-08 15:11:53,958 (SkypeManager.java:289) Refreshing Skype username cache...
DEBUG 2018-05-08 15:12:00,373 (XMPPConnectionService.java:398) ilijaz@saros-con.imp.fu-berlin.de/Saros new connection state == DISCONNECTING
DEBUG 2018-05-08 15:12:00,544 (XMPPConnectionService.java:398)  new connection state == NOT_CONNECTED
DEBUG 2018-05-08 15:12:00,545 (UPnPServiceImpl.java:295) deleting existing port mappings
